============================================================
Time  2025/03/26 16:23:27 489 
============================================================
[2025/03/26 16:23:27 498] lgi        684  SYS_MSG_LOAD  
[2025/03/26 16:23:27 509] lgi        706  SYS_MSG_REGCB  msp_status_cb  func(a0013960) 
[2025/03/26 16:23:27 516] lgi        298  LGI_MSG_INIT  
[2025/03/26 16:23:27 517] lgi        305  lgi  lgi_  268436457  1573451739  
[2025/03/26 16:23:27 519] lgi        403  token:  nil  
[2025/03/26 16:23:27 520] lgi        476  msc cver : 5.0.44.1288  
[2025/03/26 16:23:27 523] lgi        519  ns_enable=  1  
[2025/03/26 16:23:27 524] lgi        531  prot_ver=1  
[2025/03/26 16:23:27 525] lgi        542  prot_type=tcp  
[2025/03/26 16:23:27 532] lgi        693  SYS_MSG_UNLOAD  go bg!  
[2025/03/26 16:23:27 932] lgi        697  SYS_MSG_SHUTDOWN  
============================================================
Time  2017/01/01 00:00:11 532 
============================================================
[2017/01/01 00:00:11 533] lgi        684  SYS_MSG_LOAD  
[2017/01/01 00:00:11 550] lgi        706  SYS_MSG_REGCB  msp_status_cb  func(cc013960) 
[2017/01/01 00:00:11 568] lgi        298  LGI_MSG_INIT  
[2017/01/01 00:00:11 569] lgi        305  lgi  lgi_  268436457  1573451739  
[2017/01/01 00:00:11 572] lgi        403  token:  nil  
[2017/01/01 00:00:11 577] lgi        476  msc cver : 5.0.44.1288  
[2017/01/01 00:00:11 578] lgi        519  ns_enable=  1  
[2017/01/01 00:00:11 584] lgi        531  prot_ver=1  
[2017/01/01 00:00:11 585] lgi        542  prot_type=tcp  
[2017/01/01 00:00:11 595] lgi        693  SYS_MSG_UNLOAD  go bg!  
============================================================
Time  2017/01/01 02:03:55 494 
============================================================
[2017/01/01 02:03:55 504] lgi        684  SYS_MSG_LOAD  
[2017/01/01 02:03:55 515] lgi        706  SYS_MSG_REGCB  msp_status_cb  func(14013960) 
[2017/01/01 02:03:55 522] lgi        298  LGI_MSG_INIT  
[2017/01/01 02:03:55 524] lgi        305  lgi  lgi_  268436457  1573451739  
[2017/01/01 02:03:55 526] lgi        403  token:  nil  
[2017/01/01 02:03:55 527] lgi        476  msc cver : 5.0.44.1288  
[2017/01/01 02:03:55 528] lgi        519  ns_enable=  1  
[2017/01/01 02:03:55 529] lgi        531  prot_ver=1  
[2017/01/01 02:03:55 530] lgi        542  prot_type=tcp  
[2017/01/01 02:03:55 535] lgi        693  SYS_MSG_UNLOAD  go bg!  
============================================================
Time  2017/01/01 02:06:37 617 
============================================================
[2017/01/01 02:06:37 617] lgi        684  SYS_MSG_LOAD  
[2017/01/01 02:06:37 628] lgi        706  SYS_MSG_REGCB  msp_status_cb  func(b4053770) 
[2017/01/01 02:06:37 634] lgi        298  LGI_MSG_INIT  
[2017/01/01 02:06:37 635] lgi        305  lgi  lgi_  268436457  1573451739  
[2017/01/01 02:06:37 642] lgi        403  token:  nil  
[2017/01/01 02:06:37 644] lgi        476  msc cver : 5.0.44.1288  
[2017/01/01 02:06:37 645] lgi        519  ns_enable=  1  
[2017/01/01 02:06:37 646] lgi        531  prot_ver=1  
[2017/01/01 02:06:37 647] lgi        542  prot_type=tcp  
[2017/01/01 02:06:37 651] lgi        693  SYS_MSG_UNLOAD  go bg!  
============================================================
Time  2025/04/07 09:06:01 773 
============================================================
[2025/04/07 09:06:01 793] lgi        684  SYS_MSG_LOAD  
[2025/04/07 09:06:01 804] lgi        706  SYS_MSG_REGCB  msp_status_cb  func(8013750) 
[2025/04/07 09:06:01 810] lgi        298  LGI_MSG_INIT  
[2025/04/07 09:06:01 811] lgi        305  lgi  lgi_  268436457  1573451739  
[2025/04/07 09:06:01 814] lgi        403  token:  nil  
[2025/04/07 09:06:01 816] lgi        476  msc cver : 5.0.44.1288  
[2025/04/07 09:06:01 817] lgi        519  ns_enable=  1  
[2025/04/07 09:06:01 818] lgi        531  prot_ver=1  
[2025/04/07 09:06:01 820] lgi        542  prot_type=tcp  
[2025/04/07 09:06:01 826] lgi        693  SYS_MSG_UNLOAD  go bg!  
[2025/04/07 09:06:02 254] lgi        697  SYS_MSG_SHUTDOWN  
============================================================
Time  2017/01/01 00:00:03 685 
============================================================
[2017/01/01 00:00:03 686] lgi        684  SYS_MSG_LOAD  
[2017/01/01 00:00:03 698] lgi        706  SYS_MSG_REGCB  msp_status_cb  func(14013960) 
[2017/01/01 00:00:03 708] lgi        298  LGI_MSG_INIT  
[2017/01/01 00:00:03 710] lgi        305  lgi  lgi_  268436457  1573451739  
[2017/01/01 00:00:03 717] lgi        403  token:  nil  
[2017/01/01 00:00:03 718] lgi        476  msc cver : 5.0.44.1288  
[2017/01/01 00:00:03 720] lgi        519  ns_enable=  1  
[2017/01/01 00:00:03 721] lgi        531  prot_ver=1  
[2017/01/01 00:00:03 722] lgi        542  prot_type=tcp  
[2017/01/01 00:00:03 728] lgi        693  SYS_MSG_UNLOAD  go bg!  
============================================================
Time  2017/01/01 00:07:26 974 
============================================================
[2017/01/01 00:07:26 975] lgi        684  SYS_MSG_LOAD  
[2017/01/01 00:07:26 988] lgi        706  SYS_MSG_REGCB  msp_status_cb  func(2c013960) 
[2017/01/01 00:07:27 002] lgi        298  LGI_MSG_INIT  
[2017/01/01 00:07:27 003] lgi        305  lgi  lgi_  268436457  1573451739  
[2017/01/01 00:07:27 007] lgi        403  token:  nil  
[2017/01/01 00:07:27 009] lgi        476  msc cver : 5.0.44.1288  
[2017/01/01 00:07:27 015] lgi        519  ns_enable=  1  
[2017/01/01 00:07:27 021] lgi        531  prot_ver=1  
[2017/01/01 00:07:27 023] lgi        542  prot_type=tcp  
[2017/01/01 00:07:27 030] lgi        693  SYS_MSG_UNLOAD  go bg!  
============================================================
Time  2017/01/01 01:08:13 126 
============================================================
[2017/01/01 01:08:13 127] lgi        684  SYS_MSG_LOAD  
[2017/01/01 01:08:13 139] lgi        706  SYS_MSG_REGCB  msp_status_cb  func(c8013960) 
[2017/01/01 01:08:13 148] lgi        298  LGI_MSG_INIT  
[2017/01/01 01:08:13 150] lgi        305  lgi  lgi_  268436457  1573451739  
[2017/01/01 01:08:13 156] lgi        403  token:  nil  
[2017/01/01 01:08:13 158] lgi        476  msc cver : 5.0.44.1288  
[2017/01/01 01:08:13 160] lgi        519  ns_enable=  1  
[2017/01/01 01:08:13 162] lgi        531  prot_ver=1  
[2017/01/01 01:08:13 164] lgi        542  prot_type=tcp  
[2017/01/01 01:08:13 173] lgi        693  SYS_MSG_UNLOAD  go bg!  
============================================================
Time  2017/01/01 01:25:06 588 
============================================================
[2017/01/01 01:25:06 589] lgi        684  SYS_MSG_LOAD  
[2017/01/01 01:25:06 602] lgi        706  SYS_MSG_REGCB  msp_status_cb  func(ac013960) 
[2017/01/01 01:25:06 608] lgi        298  LGI_MSG_INIT  
[2017/01/01 01:25:06 609] lgi        305  lgi  lgi_  268436457  1573451739  
[2017/01/01 01:25:06 614] lgi        403  token:  nil  
[2017/01/01 01:25:06 616] lgi        476  msc cver : 5.0.44.1288  
[2017/01/01 01:25:06 617] lgi        519  ns_enable=  1  
[2017/01/01 01:25:06 619] lgi        531  prot_ver=1  
[2017/01/01 01:25:06 620] lgi        542  prot_type=tcp  
[2017/01/01 01:25:06 625] lgi        693  SYS_MSG_UNLOAD  go bg!  
============================================================
Time  2017/01/01 02:14:45 422 
============================================================
[2017/01/01 02:14:45 423] lgi        684  SYS_MSG_LOAD  
[2017/01/01 02:14:45 436] lgi        706  SYS_MSG_REGCB  msp_status_cb  func(7c013920) 
[2017/01/01 02:14:45 446] lgi        298  LGI_MSG_INIT  
[2017/01/01 02:14:45 449] lgi        305  lgi  lgi_  268436457  1573451739  
[2017/01/01 02:14:45 454] lgi        403  token:  nil  
[2017/01/01 02:14:45 465] lgi        476  msc cver : 5.0.44.1288  
[2017/01/01 02:14:45 468] lgi        519  ns_enable=  1  
[2017/01/01 02:14:45 471] lgi        531  prot_ver=1  
[2017/01/01 02:14:45 473] lgi        542  prot_type=tcp  
[2017/01/01 02:14:45 480] lgi        693  SYS_MSG_UNLOAD  go bg!  
============================================================
Time  2017/01/01 02:16:56 400 
============================================================
[2017/01/01 02:16:56 402] lgi        684  SYS_MSG_LOAD  
[2017/01/01 02:16:56 421] lgi        706  SYS_MSG_REGCB  msp_status_cb  func(80013960) 
[2017/01/01 02:16:56 429] lgi        298  LGI_MSG_INIT  
[2017/01/01 02:16:56 431] lgi        305  lgi  lgi_  268436457  1573451739  
[2017/01/01 02:16:56 434] lgi        403  token:  nil  
[2017/01/01 02:16:56 436] lgi        476  msc cver : 5.0.44.1288  
[2017/01/01 02:16:56 439] lgi        519  ns_enable=  1  
[2017/01/01 02:16:56 440] lgi        531  prot_ver=1  
[2017/01/01 02:16:56 442] lgi        542  prot_type=tcp  
[2017/01/01 02:16:56 450] lgi        693  SYS_MSG_UNLOAD  go bg!  
============================================================
Time  2017/01/01 02:19:46 408 
============================================================
[2017/01/01 02:19:46 409] lgi        684  SYS_MSG_LOAD  
[2017/01/01 02:19:46 421] lgi        706  SYS_MSG_REGCB  msp_status_cb  func(64013960) 
[2017/01/01 02:19:46 429] lgi        298  LGI_MSG_INIT  
[2017/01/01 02:19:46 431] lgi        305  lgi  lgi_  268436457  1573451739  
[2017/01/01 02:19:46 434] lgi        403  token:  nil  
[2017/01/01 02:19:46 436] lgi        476  msc cver : 5.0.44.1288  
[2017/01/01 02:19:46 438] lgi        519  ns_enable=  1  
[2017/01/01 02:19:46 439] lgi        531  prot_ver=1  
[2017/01/01 02:19:46 441] lgi        542  prot_type=tcp  
[2017/01/01 02:19:46 448] lgi        693  SYS_MSG_UNLOAD  go bg!  
============================================================
Time  2017/01/01 02:24:21 501 
============================================================
[2017/01/01 02:24:21 502] lgi        684  SYS_MSG_LOAD  
[2017/01/01 02:24:21 513] lgi        706  SYS_MSG_REGCB  msp_status_cb  func(f4013960) 
[2017/01/01 02:24:21 518] lgi        298  LGI_MSG_INIT  
[2017/01/01 02:24:21 519] lgi        305  lgi  lgi_  268436457  1573451739  
[2017/01/01 02:24:21 521] lgi        403  token:  nil  
[2017/01/01 02:24:21 524] lgi        476  msc cver : 5.0.44.1288  
[2017/01/01 02:24:21 529] lgi        519  ns_enable=  1  
[2017/01/01 02:24:21 531] lgi        531  prot_ver=1  
[2017/01/01 02:24:21 532] lgi        542  prot_type=tcp  
[2017/01/01 02:24:21 537] lgi        693  SYS_MSG_UNLOAD  go bg!  
============================================================
Time  2017/01/01 02:26:43 505 
============================================================
[2017/01/01 02:26:43 506] lgi        684  SYS_MSG_LOAD  
[2017/01/01 02:26:43 516] lgi        706  SYS_MSG_REGCB  msp_status_cb  func(8013960) 
[2017/01/01 02:26:43 522] lgi        298  LGI_MSG_INIT  
[2017/01/01 02:26:43 524] lgi        305  lgi  lgi_  268436457  1573451739  
[2017/01/01 02:26:43 527] lgi        403  token:  nil  
[2017/01/01 02:26:43 528] lgi        476  msc cver : 5.0.44.1288  
[2017/01/01 02:26:43 530] lgi        519  ns_enable=  1  
[2017/01/01 02:26:43 532] lgi        531  prot_ver=1  
[2017/01/01 02:26:43 534] lgi        542  prot_type=tcp  
[2017/01/01 02:26:43 543] lgi        693  SYS_MSG_UNLOAD  go bg!  
============================================================
Time  2026/03/19 09:13:42 372 
============================================================
[2026/03/19 09:13:42 373] lgi        684  SYS_MSG_LOAD  
[2026/03/19 09:13:42 385] lgi        706  SYS_MSG_REGCB  msp_status_cb  func(1c013920) 
[2026/03/19 09:13:42 394] lgi        298  LGI_MSG_INIT  
[2026/03/19 09:13:42 397] lgi        305  lgi  lgi_  268436457  1573451739  
[2026/03/19 09:13:42 401] lgi        403  token:  nil  
[2026/03/19 09:13:42 403] lgi        476  msc cver : 5.0.44.1288  
[2026/03/19 09:13:42 405] lgi        519  ns_enable=  1  
[2026/03/19 09:13:42 407] lgi        531  prot_ver=1  
[2026/03/19 09:13:42 409] lgi        542  prot_type=tcp  
[2026/03/19 09:13:42 418] lgi        693  SYS_MSG_UNLOAD  go bg!  
[2026/03/19 09:13:42 796] lgi        697  SYS_MSG_SHUTDOWN  
============================================================
Time  2017/01/01 00:00:05 099 
============================================================
[2017/01/01 00:00:05 100] lgi        684  SYS_MSG_LOAD  
[2017/01/01 00:00:05 109] lgi        706  SYS_MSG_REGCB  msp_status_cb  func(e0053760) 
[2017/01/01 00:00:05 116] lgi        298  LGI_MSG_INIT  
[2017/01/01 00:00:05 118] lgi        305  lgi  lgi_  268436457  1573451739  
[2017/01/01 00:00:05 120] lgi        403  token:  nil  
[2017/01/01 00:00:05 122] lgi        476  msc cver : 5.0.44.1288  
[2017/01/01 00:00:05 124] lgi        519  ns_enable=  1  
[2017/01/01 00:00:05 125] lgi        531  prot_ver=1  
[2017/01/01 00:00:05 127] lgi        542  prot_type=tcp  
[2017/01/01 00:00:05 133] lgi        693  SYS_MSG_UNLOAD  go bg!  
