============================================================
Time  2017/01/01 02:26:43 718 
============================================================
[2017/01/01 02:26:43 719] isr_local  2211 os_type is:  Linux  
[2017/01/01 02:26:43 722] isr_local  2220 SYS_MSG_LOAD_LOCAL  
[2017/01/01 02:26:43 727] isr_local  2249 SYS_MSG_REGCB_LOCAL| param0 =  msp_status_cb  
[2017/01/01 02:26:43 734] isr_local  2249 SYS_MSG_REGCB_LOCAL| param0 =  build_grm_cb  
[2017/01/01 02:26:43 738] isr_local  2262 ASR_LOCAL_MSG_BUILD_GRM  
[2017/01/01 02:26:43 739] isr_local  1903 grm_init | params:  engine_type = local, 		asr_res_path = fo|res/asr/common.jet, sample_rate = 16000, 		grm_build_path = res/asr/GrmBuilld,   
[2017/01/01 02:26:43 743] isr_local  805  engine_type  :  local  
[2017/01/01 02:26:43 744] isr_local  805  asr_res_path  :  fo|res/asr/common.jet  
[2017/01/01 02:26:43 746] isr_local  805  sample_rate  :  16000  
[2017/01/01 02:26:43 748] isr_local  805  grm_build_path  :  res/asr/GrmBuilld  
[2017/01/01 02:26:43 755] isr_local  1002 file count =   1  
[2017/01/01 02:26:43 757] isr_local  925  file open type is:   fo  
[2017/01/01 02:26:43 758] isr_local  958  res/asr/common.jet  0  0  
[2017/01/01 02:26:43 759] isr_local  1020 speech_plus_setting  0  
[2017/01/01 02:26:43 761] isr_local  1033 2  nil  res/asr/common.jet  0  0  
[2017/01/01 02:26:43 767] isr_local  1035 res_ver  2  
[2017/01/01 02:26:43 768] isr_local  1036 res 5  cf10c0dc5a2fdd400602600fa216d247  
[2017/01/01 02:26:43 770] isr_local  1037 res_new_old_mark  v5pp  
[2017/01/01 02:26:43 771] isr_local  1038 res_usr_name  ""  
[2017/01/01 02:26:43 772] isr_local  1039 res_expires  1608085037  
[2017/01/01 02:26:43 773] isr_local  1040 err  0  
[2017/01/01 02:26:43 774] isr_local  1071 now expires:  1483208803  1608085037  
[2017/01/01 02:26:43 799] isr_local  1644 proc_retcode_grm | errorcode =  0  
[2017/01/01 02:26:43 927] isr_local  2022 grammar id:call  
[2017/01/01 02:26:43 930] isr_local  1636 onGrmLocalServiceCb  0  call  
