============================================================
Time  2017/01/01 02:28:55 667 
============================================================
[2017/01/01 02:28:55 669] isr_local  2211 os_type is:  Linux  
[2017/01/01 02:28:55 677] isr_local  2220 SYS_MSG_LOAD_LOCAL  
[2017/01/01 02:28:55 701] isr_local  2249 SYS_MSG_REGCB_LOCAL| param0 =  msp_status_cb  
[2017/01/01 02:28:55 710] isr_local  2249 SYS_MSG_REGCB_LOCAL| param0 =  update_lex_cb  
[2017/01/01 02:28:55 723] isr_local  2275 ASR_LOCAL_MSG_UPDATE_LEX  
[2017/01/01 02:28:55 723] isr_local  1903 grm_init | params:  engine_type = local, text_encoding = UTF-8, 		asr_res_path = fo|res/asr/common.jet, sample_rate = 16000, 		grm_build_path = res/asr/GrmBuilld, grammar_list = call,   
[2017/01/01 02:28:55 730] isr_local  805  engine_type  :  local  
[2017/01/01 02:28:55 733] isr_local  805  text_encoding  :  UTF-8  
[2017/01/01 02:28:55 736] isr_local  805  asr_res_path  :  fo|res/asr/common.jet  
[2017/01/01 02:28:55 738] isr_local  805  sample_rate  :  16000  
[2017/01/01 02:28:55 741] isr_local  805  grm_build_path  :  res/asr/GrmBuilld  
[2017/01/01 02:28:55 742] isr_local  805  grammar_list  :  call  
[2017/01/01 02:28:55 751] isr_local  1002 file count =   1  
[2017/01/01 02:28:55 753] isr_local  925  file open type is:   fo  
[2017/01/01 02:28:55 754] isr_local  958  res/asr/common.jet  0  0  
[2017/01/01 02:28:55 756] isr_local  1020 speech_plus_setting  0  
[2017/01/01 02:28:55 760] isr_local  1033 2  nil  res/asr/common.jet  0  0  
[2017/01/01 02:28:55 766] isr_local  1035 res_ver  2  
[2017/01/01 02:28:55 767] isr_local  1036 res 5  cf10c0dc5a2fdd400602600fa216d247  
[2017/01/01 02:28:55 768] isr_local  1037 res_new_old_mark  v5pp  
[2017/01/01 02:28:55 769] isr_local  1038 res_usr_name  ""  
[2017/01/01 02:28:55 770] isr_local  1039 res_expires  1608085037  
[2017/01/01 02:28:55 771] isr_local  1040 err  0  
[2017/01/01 02:28:55 772] isr_local  1071 now expires:  1483208935  1608085037  
[2017/01/01 02:28:55 782] isr_local  2284 update dict  
[2017/01/01 02:28:55 800] isr_local  1760 contact  call  
[2017/01/01 02:28:55 832] isr_local  1811 grm_list grm name:   call  
[2017/01/01 02:28:55 836] isr_local  1644 proc_retcode_grm | errorcode =  0  
[2017/01/01 02:28:55 880] isr_local  2022 grammar id:call  
[2017/01/01 02:28:55 883] isr_local  1636 onGrmLocalServiceCb  0  call  
