============================================================
Time  2017/01/01 01:25:06 755 
============================================================
[2017/01/01 01:25:06 759] isr_local  2211 os_type is:  Linux  
[2017/01/01 01:25:06 762] isr_local  2220 SYS_MSG_LOAD_LOCAL  
[2017/01/01 01:25:06 765] isr_local  2249 SYS_MSG_REGCB_LOCAL| param0 =  msp_status_cb  
[2017/01/01 01:25:06 770] isr_local  2249 SYS_MSG_REGCB_LOCAL| param0 =  build_grm_cb  
[2017/01/01 01:25:06 774] isr_local  2262 ASR_LOCAL_MSG_BUILD_GRM  
[2017/01/01 01:25:06 775] isr_local  1903 grm_init | params:  engine_type = local, 		asr_res_path = fo|res/asr/common.jet, sample_rate = 16000, 		grm_build_path = res/asr/GrmBuilld,   
[2017/01/01 01:25:06 780] isr_local  805  engine_type  :  local  
[2017/01/01 01:25:06 782] isr_local  805  asr_res_path  :  fo|res/asr/common.jet  
[2017/01/01 01:25:06 784] isr_local  805  sample_rate  :  16000  
[2017/01/01 01:25:06 785] isr_local  805  grm_build_path  :  res/asr/GrmBuilld  
[2017/01/01 01:25:06 791] isr_local  1002 file count =   1  
[2017/01/01 01:25:06 794] isr_local  925  file open type is:   fo  
[2017/01/01 01:25:06 795] isr_local  958  res/asr/common.jet  0  0  
[2017/01/01 01:25:06 796] isr_local  1020 speech_plus_setting  0  
[2017/01/01 01:25:06 797] isr_local  1033 2  nil  res/asr/common.jet  0  0  
[2017/01/01 01:25:06 801] isr_local  1035 res_ver  2  
[2017/01/01 01:25:06 802] isr_local  1036 res 5  cf10c0dc5a2fdd400602600fa216d247  
[2017/01/01 01:25:06 804] isr_local  1037 res_new_old_mark  v5pp  
[2017/01/01 01:25:06 806] isr_local  1038 res_usr_name  ""  
[2017/01/01 01:25:06 807] isr_local  1039 res_expires  1608085037  
[2017/01/01 01:25:06 808] isr_local  1040 err  0  
[2017/01/01 01:25:06 809] isr_local  1071 now expires:  1483205106  1608085037  
[2017/01/01 01:25:06 834] isr_local  1644 proc_retcode_grm | errorcode =  0  
[2017/01/01 01:25:06 929] isr_local  2022 grammar id:call  
[2017/01/01 01:25:06 932] isr_local  1636 onGrmLocalServiceCb  0  call  
