============================================================
Time  2017/01/01 01:08:13 314 
============================================================
[2017/01/01 01:08:13 315] isr_local  2211 os_type is:  Linux  
[2017/01/01 01:08:13 317] isr_local  2220 SYS_MSG_LOAD_LOCAL  
[2017/01/01 01:08:13 321] isr_local  2249 SYS_MSG_REGCB_LOCAL| param0 =  msp_status_cb  
[2017/01/01 01:08:13 326] isr_local  2249 SYS_MSG_REGCB_LOCAL| param0 =  build_grm_cb  
[2017/01/01 01:08:13 330] isr_local  2262 ASR_LOCAL_MSG_BUILD_GRM  
[2017/01/01 01:08:13 332] isr_local  1903 grm_init | params:  engine_type = local, 		asr_res_path = fo|res/asr/common.jet, sample_rate = 16000, 		grm_build_path = res/asr/GrmBuilld,   
[2017/01/01 01:08:13 335] isr_local  805  engine_type  :  local  
[2017/01/01 01:08:13 337] isr_local  805  asr_res_path  :  fo|res/asr/common.jet  
[2017/01/01 01:08:13 338] isr_local  805  sample_rate  :  16000  
[2017/01/01 01:08:13 340] isr_local  805  grm_build_path  :  res/asr/GrmBuilld  
[2017/01/01 01:08:13 346] isr_local  1002 file count =   1  
[2017/01/01 01:08:13 348] isr_local  925  file open type is:   fo  
[2017/01/01 01:08:13 349] isr_local  958  res/asr/common.jet  0  0  
[2017/01/01 01:08:13 350] isr_local  1020 speech_plus_setting  0  
[2017/01/01 01:08:13 351] isr_local  1033 2  nil  res/asr/common.jet  0  0  
[2017/01/01 01:08:13 356] isr_local  1035 res_ver  2  
[2017/01/01 01:08:13 358] isr_local  1036 res 5  cf10c0dc5a2fdd400602600fa216d247  
[2017/01/01 01:08:13 359] isr_local  1037 res_new_old_mark  v5pp  
[2017/01/01 01:08:13 361] isr_local  1038 res_usr_name  ""  
[2017/01/01 01:08:13 363] isr_local  1039 res_expires  1608085037  
[2017/01/01 01:08:13 364] isr_local  1040 err  0  
[2017/01/01 01:08:13 366] isr_local  1071 now expires:  1483204093  1608085037  
[2017/01/01 01:08:13 393] isr_local  1644 proc_retcode_grm | errorcode =  0  
[2017/01/01 01:08:13 490] isr_local  2022 grammar id:call  
[2017/01/01 01:08:13 493] isr_local  1636 onGrmLocalServiceCb  0  call  
