============================================================
Time  2017/01/01 02:06:58 322 
============================================================
[2017/01/01 02:06:58 324] isr_local  2211 os_type is:  Linux  
[2017/01/01 02:06:58 327] isr_local  2220 SYS_MSG_LOAD_LOCAL  
[2017/01/01 02:06:58 331] isr_local  2249 SYS_MSG_REGCB_LOCAL| param0 =  msp_status_cb  
[2017/01/01 02:06:58 339] isr_local  2249 SYS_MSG_REGCB_LOCAL| param0 =  update_lex_cb  
[2017/01/01 02:06:58 347] isr_local  2275 ASR_LOCAL_MSG_UPDATE_LEX  
[2017/01/01 02:06:58 349] isr_local  1903 grm_init | params:  engine_type = local, text_encoding = UTF-8, 		asr_res_path = fo|res/asr/common.jet, sample_rate = 16000, 		grm_build_path = res/asr/GrmBuilld, grammar_list = call,   
[2017/01/01 02:06:58 350] isr_local  805  engine_type  :  local  
[2017/01/01 02:06:58 352] isr_local  805  text_encoding  :  UTF-8  
[2017/01/01 02:06:58 356] isr_local  805  asr_res_path  :  fo|res/asr/common.jet  
[2017/01/01 02:06:58 359] isr_local  805  sample_rate  :  16000  
[2017/01/01 02:06:58 361] isr_local  805  grm_build_path  :  res/asr/GrmBuilld  
[2017/01/01 02:06:58 363] isr_local  805  grammar_list  :  call  
[2017/01/01 02:06:58 370] isr_local  1002 file count =   1  
[2017/01/01 02:06:58 372] isr_local  925  file open type is:   fo  
[2017/01/01 02:06:58 373] isr_local  958  res/asr/common.jet  0  0  
[2017/01/01 02:06:58 374] isr_local  1020 speech_plus_setting  0  
[2017/01/01 02:06:58 375] isr_local  1033 2  nil  res/asr/common.jet  0  0  
[2017/01/01 02:06:58 379] isr_local  1035 res_ver  2  
[2017/01/01 02:06:58 379] isr_local  1036 res 5  cf10c0dc5a2fdd400602600fa216d247  
[2017/01/01 02:06:58 380] isr_local  1037 res_new_old_mark  v5pp  
[2017/01/01 02:06:58 381] isr_local  1038 res_usr_name  ""  
[2017/01/01 02:06:58 382] isr_local  1039 res_expires  1608085037  
[2017/01/01 02:06:58 383] isr_local  1040 err  0  
[2017/01/01 02:06:58 384] isr_local  1071 now expires:  1483207618  1608085037  
[2017/01/01 02:06:58 394] isr_local  2284 update dict  
[2017/01/01 02:06:58 404] isr_local  1760 contact  call  
[2017/01/01 02:06:58 417] isr_local  1811 grm_list grm name:   call  
[2017/01/01 02:06:58 418] isr_local  1644 proc_retcode_grm | errorcode =  0  
[2017/01/01 02:06:58 476] isr_local  2022 grammar id:call  
[2017/01/01 02:06:58 478] isr_local  1636 onGrmLocalServiceCb  0  call  
