============================================================
Time  2017/01/01 02:24:21 683 
============================================================
[2017/01/01 02:24:21 684] isr_local  2211 os_type is:  Linux  
[2017/01/01 02:24:21 687] isr_local  2220 SYS_MSG_LOAD_LOCAL  
[2017/01/01 02:24:21 691] isr_local  2249 SYS_MSG_REGCB_LOCAL| param0 =  msp_status_cb  
[2017/01/01 02:24:21 698] isr_local  2249 SYS_MSG_REGCB_LOCAL| param0 =  build_grm_cb  
[2017/01/01 02:24:21 703] isr_local  2262 ASR_LOCAL_MSG_BUILD_GRM  
[2017/01/01 02:24:21 706] isr_local  1903 grm_init | params:  engine_type = local, 		asr_res_path = fo|res/asr/common.jet, sample_rate = 16000, 		grm_build_path = res/asr/GrmBuilld,   
[2017/01/01 02:24:21 710] isr_local  805  engine_type  :  local  
[2017/01/01 02:24:21 711] isr_local  805  asr_res_path  :  fo|res/asr/common.jet  
[2017/01/01 02:24:21 712] isr_local  805  sample_rate  :  16000  
[2017/01/01 02:24:21 714] isr_local  805  grm_build_path  :  res/asr/GrmBuilld  
[2017/01/01 02:24:21 723] isr_local  1002 file count =   1  
[2017/01/01 02:24:21 725] isr_local  925  file open type is:   fo  
[2017/01/01 02:24:21 727] isr_local  958  res/asr/common.jet  0  0  
[2017/01/01 02:24:21 728] isr_local  1020 speech_plus_setting  0  
[2017/01/01 02:24:21 729] isr_local  1033 2  nil  res/asr/common.jet  0  0  
[2017/01/01 02:24:21 735] isr_local  1035 res_ver  2  
[2017/01/01 02:24:21 736] isr_local  1036 res 5  cf10c0dc5a2fdd400602600fa216d247  
[2017/01/01 02:24:21 738] isr_local  1037 res_new_old_mark  v5pp  
[2017/01/01 02:24:21 740] isr_local  1038 res_usr_name  ""  
[2017/01/01 02:24:21 741] isr_local  1039 res_expires  1608085037  
[2017/01/01 02:24:21 743] isr_local  1040 err  0  
[2017/01/01 02:24:21 745] isr_local  1071 now expires:  1483208661  1608085037  
[2017/01/01 02:24:21 773] isr_local  1644 proc_retcode_grm | errorcode =  0  
[2017/01/01 02:24:21 864] isr_local  2022 grammar id:call  
[2017/01/01 02:24:21 867] isr_local  1636 onGrmLocalServiceCb  0  call  
