============================================================
Time  2017/01/01 02:27:33 468 
============================================================
[2017/01/01 02:27:33 469] isr_local  2211 os_type is:  Linux  
[2017/01/01 02:27:33 477] isr_local  2220 SYS_MSG_LOAD_LOCAL  
[2017/01/01 02:27:33 488] isr_local  2249 SYS_MSG_REGCB_LOCAL| param0 =  msp_status_cb  
[2017/01/01 02:27:33 501] isr_local  2249 SYS_MSG_REGCB_LOCAL| param0 =  update_lex_cb  
[2017/01/01 02:27:33 509] isr_local  2275 ASR_LOCAL_MSG_UPDATE_LEX  
[2017/01/01 02:27:33 511] isr_local  1903 grm_init | params:  engine_type = local, text_encoding = UTF-8, 		asr_res_path = fo|res/asr/common.jet, sample_rate = 16000, 		grm_build_path = res/asr/GrmBuilld, grammar_list = call,   
[2017/01/01 02:27:33 540] isr_local  805  engine_type  :  local  
[2017/01/01 02:27:33 544] isr_local  805  text_encoding  :  UTF-8  
[2017/01/01 02:27:33 546] isr_local  805  asr_res_path  :  fo|res/asr/common.jet  
[2017/01/01 02:27:33 549] isr_local  805  sample_rate  :  16000  
[2017/01/01 02:27:33 551] isr_local  805  grm_build_path  :  res/asr/GrmBuilld  
[2017/01/01 02:27:33 553] isr_local  805  grammar_list  :  call  
[2017/01/01 02:27:33 563] isr_local  1002 file count =   1  
[2017/01/01 02:27:33 566] isr_local  925  file open type is:   fo  
[2017/01/01 02:27:33 568] isr_local  958  res/asr/common.jet  0  0  
[2017/01/01 02:27:33 570] isr_local  1020 speech_plus_setting  0  
[2017/01/01 02:27:33 572] isr_local  1033 2  nil  res/asr/common.jet  0  0  
[2017/01/01 02:27:33 593] isr_local  1035 res_ver  2  
[2017/01/01 02:27:33 595] isr_local  1036 res 5  cf10c0dc5a2fdd400602600fa216d247  
[2017/01/01 02:27:33 598] isr_local  1037 res_new_old_mark  v5pp  
[2017/01/01 02:27:33 604] isr_local  1038 res_usr_name  ""  
[2017/01/01 02:27:33 608] isr_local  1039 res_expires  1608085037  
[2017/01/01 02:27:33 612] isr_local  1040 err  0  
[2017/01/01 02:27:33 615] isr_local  1071 now expires:  1483208853  1608085037  
[2017/01/01 02:27:33 634] isr_local  2284 update dict  
[2017/01/01 02:27:33 639] isr_local  1760 contact  call  
[2017/01/01 02:27:33 659] isr_local  1811 grm_list grm name:   call  
[2017/01/01 02:27:33 660] isr_local  1644 proc_retcode_grm | errorcode =  0  
[2017/01/01 02:27:33 715] isr_local  2022 grammar id:call  
[2017/01/01 02:27:33 718] isr_local  1636 onGrmLocalServiceCb  0  call  
