============================================================
Time  2017/01/01 02:20:23 122 
============================================================
[2017/01/01 02:20:23 127] isr_local  2211 os_type is:  Linux  
[2017/01/01 02:20:23 134] isr_local  2220 SYS_MSG_LOAD_LOCAL  
[2017/01/01 02:20:23 138] isr_local  2249 SYS_MSG_REGCB_LOCAL| param0 =  msp_status_cb  
[2017/01/01 02:20:23 143] isr_local  2249 SYS_MSG_REGCB_LOCAL| param0 =  update_lex_cb  
[2017/01/01 02:20:23 147] isr_local  2275 ASR_LOCAL_MSG_UPDATE_LEX  
[2017/01/01 02:20:23 149] isr_local  1903 grm_init | params:  engine_type = local, text_encoding = UTF-8, 		asr_res_path = fo|res/asr/common.jet, sample_rate = 16000, 		grm_build_path = res/asr/GrmBuilld, grammar_list = call,   
[2017/01/01 02:20:23 150] isr_local  805  engine_type  :  local  
[2017/01/01 02:20:23 152] isr_local  805  text_encoding  :  UTF-8  
[2017/01/01 02:20:23 153] isr_local  805  asr_res_path  :  fo|res/asr/common.jet  
[2017/01/01 02:20:23 155] isr_local  805  sample_rate  :  16000  
[2017/01/01 02:20:23 157] isr_local  805  grm_build_path  :  res/asr/GrmBuilld  
[2017/01/01 02:20:23 158] isr_local  805  grammar_list  :  call  
[2017/01/01 02:20:23 164] isr_local  1002 file count =   1  
[2017/01/01 02:20:23 165] isr_local  925  file open type is:   fo  
[2017/01/01 02:20:23 167] isr_local  958  res/asr/common.jet  0  0  
[2017/01/01 02:20:23 168] isr_local  1020 speech_plus_setting  0  
[2017/01/01 02:20:23 170] isr_local  1033 2  nil  res/asr/common.jet  0  0  
[2017/01/01 02:20:23 175] isr_local  1035 res_ver  2  
[2017/01/01 02:20:23 176] isr_local  1036 res 5  cf10c0dc5a2fdd400602600fa216d247  
[2017/01/01 02:20:23 177] isr_local  1037 res_new_old_mark  v5pp  
[2017/01/01 02:20:23 178] isr_local  1038 res_usr_name  ""  
[2017/01/01 02:20:23 179] isr_local  1039 res_expires  1608085037  
[2017/01/01 02:20:23 180] isr_local  1040 err  0  
[2017/01/01 02:20:23 181] isr_local  1071 now expires:  1483208423  1608085037  
[2017/01/01 02:20:23 197] isr_local  2284 update dict  
[2017/01/01 02:20:23 209] isr_local  1760 contact  call  
[2017/01/01 02:20:23 248] isr_local  1811 grm_list grm name:   call  
[2017/01/01 02:20:23 250] isr_local  1644 proc_retcode_grm | errorcode =  0  
[2017/01/01 02:20:23 299] isr_local  2022 grammar id:call  
[2017/01/01 02:20:23 301] isr_local  1636 onGrmLocalServiceCb  0  call  
