============================================================
Time  2025/03/26 16:23:27 680 
============================================================
[2025/03/26 16:23:27 689] isr_local  2211 os_type is:  Linux  
[2025/03/26 16:23:27 691] isr_local  2220 SYS_MSG_LOAD_LOCAL  
[2025/03/26 16:23:27 695] isr_local  2249 SYS_MSG_REGCB_LOCAL| param0 =  msp_status_cb  
[2025/03/26 16:23:27 701] isr_local  2249 SYS_MSG_REGCB_LOCAL| param0 =  build_grm_cb  
[2025/03/26 16:23:27 705] isr_local  2262 ASR_LOCAL_MSG_BUILD_GRM  
[2025/03/26 16:23:27 707] isr_local  1903 grm_init | params:  engine_type = local, 		asr_res_path = fo|res/asr/common.jet, sample_rate = 16000, 		grm_build_path = res/asr/GrmBuilld,   
[2025/03/26 16:23:27 709] isr_local  805  engine_type  :  local  
[2025/03/26 16:23:27 710] isr_local  805  asr_res_path  :  fo|res/asr/common.jet  
[2025/03/26 16:23:27 711] isr_local  805  sample_rate  :  16000  
[2025/03/26 16:23:27 712] isr_local  805  grm_build_path  :  res/asr/GrmBuilld  
[2025/03/26 16:23:27 723] isr_local  1002 file count =   1  
[2025/03/26 16:23:27 725] isr_local  925  file open type is:   fo  
[2025/03/26 16:23:27 726] isr_local  958  res/asr/common.jet  0  0  
[2025/03/26 16:23:27 727] isr_local  1020 speech_plus_setting  0  
[2025/03/26 16:23:27 729] isr_local  1033 2  nil  res/asr/common.jet  0  0  
[2025/03/26 16:23:27 749] isr_local  1035 res_ver  2  
[2025/03/26 16:23:27 750] isr_local  1036 res 5  cf10c0dc5a2fdd400602600fa216d247  
[2025/03/26 16:23:27 752] isr_local  1037 res_new_old_mark  v5pp  
[2025/03/26 16:23:27 753] isr_local  1038 res_usr_name  ""  
[2025/03/26 16:23:27 754] isr_local  1039 res_expires  1608085037  
[2025/03/26 16:23:27 756] isr_local  1040 err  0  
[2025/03/26 16:23:27 757] isr_local  1071 now expires:  1742977407  1608085037  
[2025/03/26 16:23:27 758] isr_local  1008 parse respath substr error! :  11212  
[2025/03/26 16:23:27 759] isr_local  1888 parse_respath error! :  nil  
[2025/03/26 16:23:27 760] isr_local  1951 grm_init | create grm failed!  
[2025/03/26 16:23:27 768] isr_local  1644 proc_retcode_grm | errorcode =  11212  
[2025/03/26 16:23:27 769] isr_local  1636 onGrmLocalServiceCb  11212  nil  
