============================================================
Time  2017/01/01 02:25:38 548 
============================================================
[2017/01/01 02:25:38 549] isr_local  2211 os_type is:  Linux  
[2017/01/01 02:25:38 552] isr_local  2220 SYS_MSG_LOAD_LOCAL  
[2017/01/01 02:25:38 556] isr_local  2249 SYS_MSG_REGCB_LOCAL| param0 =  msp_status_cb  
[2017/01/01 02:25:38 565] isr_local  2249 SYS_MSG_REGCB_LOCAL| param0 =  update_lex_cb  
[2017/01/01 02:25:38 570] isr_local  2275 ASR_LOCAL_MSG_UPDATE_LEX  
[2017/01/01 02:25:38 572] isr_local  1903 grm_init | params:  engine_type = local, text_encoding = UTF-8, 		asr_res_path = fo|res/asr/common.jet, sample_rate = 16000, 		grm_build_path = res/asr/GrmBuilld, grammar_list = call,   
[2017/01/01 02:25:38 575] isr_local  805  engine_type  :  local  
[2017/01/01 02:25:38 576] isr_local  805  text_encoding  :  UTF-8  
[2017/01/01 02:25:38 578] isr_local  805  asr_res_path  :  fo|res/asr/common.jet  
[2017/01/01 02:25:38 580] isr_local  805  sample_rate  :  16000  
[2017/01/01 02:25:38 582] isr_local  805  grm_build_path  :  res/asr/GrmBuilld  
[2017/01/01 02:25:38 583] isr_local  805  grammar_list  :  call  
[2017/01/01 02:25:38 590] isr_local  1002 file count =   1  
[2017/01/01 02:25:38 592] isr_local  925  file open type is:   fo  
[2017/01/01 02:25:38 593] isr_local  958  res/asr/common.jet  0  0  
[2017/01/01 02:25:38 594] isr_local  1020 speech_plus_setting  0  
[2017/01/01 02:25:38 596] isr_local  1033 2  nil  res/asr/common.jet  0  0  
[2017/01/01 02:25:38 599] isr_local  1035 res_ver  2  
[2017/01/01 02:25:38 601] isr_local  1036 res 5  cf10c0dc5a2fdd400602600fa216d247  
[2017/01/01 02:25:38 603] isr_local  1037 res_new_old_mark  v5pp  
[2017/01/01 02:25:38 604] isr_local  1038 res_usr_name  ""  
[2017/01/01 02:25:38 605] isr_local  1039 res_expires  1608085037  
[2017/01/01 02:25:38 607] isr_local  1040 err  0  
[2017/01/01 02:25:38 608] isr_local  1071 now expires:  1483208738  1608085037  
[2017/01/01 02:25:38 621] isr_local  2284 update dict  
[2017/01/01 02:25:38 626] isr_local  1760 contact  call  
[2017/01/01 02:25:38 656] isr_local  1811 grm_list grm name:   call  
[2017/01/01 02:25:38 658] isr_local  1644 proc_retcode_grm | errorcode =  0  
[2017/01/01 02:25:38 711] isr_local  2022 grammar id:call  
[2017/01/01 02:25:38 715] isr_local  1636 onGrmLocalServiceCb  0  call  
